{
  "stats": {
    "suites": 1,
    "tests": 3,
    "passes": 3,
    "pending": 0,
    "failures": 0,
    "start": "2023-09-09T16:36:45.999Z",
    "end": "2023-09-09T16:36:47.425Z",
    "duration": 1426,
    "testsRegistered": 3,
    "passPercent": 100,
    "pendingPercent": 0,
    "other": 0,
    "hasOther": false,
    "skipped": 0,
    "hasSkipped": false
  },
  "results": [
    {
      "uuid": "2776a704-eb67-436a-a7c8-7384154776ee",
      "title": "",
      "fullFile": "cypress\\e2e\\Login\\petStore.spec.cy.js",
      "file": "cypress\\e2e\\Login\\petStore.spec.cy.js",
      "beforeHooks": [],
      "afterHooks": [],
      "tests": [],
      "suites": [
        {
          "uuid": "94f446ad-9761-43f2-8592-37d48cd867a2",
          "title": "Petstore request",
          "fullFile": "",
          "file": "",
          "beforeHooks": [],
          "afterHooks": [],
          "tests": [
            {
              "title": "Print values form fixture",
              "fullTitle": "Petstore request Print values form fixture",
              "timedOut": null,
              "duration": 158,
              "state": "passed",
              "speed": "fast",
              "pass": true,
              "fail": false,
              "pending": false,
              "context": null,
              "code": "cy.log(this.user);\ncy.log(this.user.username);\ncy.log(this.user.password);",
              "err": {},
              "uuid": "034c9c99-fb41-4cfa-83ab-fdb13ff4ee8a",
              "parentUUID": "94f446ad-9761-43f2-8592-37d48cd867a2",
              "isHook": false,
              "skipped": false
            },
            {
              "title": "Create user with request and fixture",
              "fullTitle": "Petstore request Create user with request and fixture",
              "timedOut": null,
              "duration": 648,
              "state": "passed",
              "speed": "fast",
              "pass": true,
              "fail": false,
              "pending": false,
              "context": null,
              "code": "cy.fixture(\"createUserBody\").then(json => {\n  cy.request(\"POST\", `${BASE_URL}/user`, json).then(resp => {\n    expect(resp.status).to.eq(200);\n  });\n});",
              "err": {},
              "uuid": "a7eebf0f-2655-4610-b4e2-6f2ce11b06c2",
              "parentUUID": "94f446ad-9761-43f2-8592-37d48cd867a2",
              "isHook": false,
              "skipped": false
            },
            {
              "title": "Login with username and password ",
              "fullTitle": "Petstore request Login with username and password ",
              "timedOut": null,
              "duration": 254,
              "state": "passed",
              "speed": "fast",
              "pass": true,
              "fail": false,
              "pending": false,
              "context": null,
              "code": "const option = {\n  method: \"GET\",\n  url: `${BASE_URL}/user/login`,\n  qs: `login?username=${this.user.username}&password=${this.user.password}`\n};\ncy.request(option).as(\"resp\");\ncy.get(\"@resp\").should(response => {\n  expect(response.status).to.eq(200);\n  expect(response).to.have.property(\"headers\");\n});\ncy.log(\"@resp\");",
              "err": {},
              "uuid": "50bbbb88-11e3-431f-9f30-7b1cea75f2ee",
              "parentUUID": "94f446ad-9761-43f2-8592-37d48cd867a2",
              "isHook": false,
              "skipped": false
            }
          ],
          "suites": [],
          "passes": [
            "034c9c99-fb41-4cfa-83ab-fdb13ff4ee8a",
            "a7eebf0f-2655-4610-b4e2-6f2ce11b06c2",
            "50bbbb88-11e3-431f-9f30-7b1cea75f2ee"
          ],
          "failures": [],
          "pending": [],
          "skipped": [],
          "duration": 1060,
          "root": false,
          "rootEmpty": false,
          "_timeout": 2000
        }
      ],
      "passes": [],
      "failures": [],
      "pending": [],
      "skipped": [],
      "duration": 0,
      "root": true,
      "rootEmpty": true,
      "_timeout": 2000
    }
  ],
  "meta": {
    "mocha": {
      "version": "7.0.1"
    },
    "mochawesome": {
      "options": {
        "quiet": false,
        "reportFilename": "mochawesome",
        "saveHtml": true,
        "saveJson": true,
        "consoleReporter": "spec",
        "useInlineDiffs": false,
        "code": true
      },
      "version": "7.1.3"
    },
    "marge": {
      "options": {
        "reportDir": "cypress/reports",
        "overwrite": "false",
        "html": true,
        "json": true
      },
      "version": "6.2.0"
    }
  }
}