{
  "stats": {
    "suites": 1,
    "tests": 3,
    "passes": 3,
    "pending": 0,
    "failures": 0,
    "start": "2023-09-09T16:36:11.872Z",
    "end": "2023-09-09T16:36:37.805Z",
    "duration": 25933,
    "testsRegistered": 3,
    "passPercent": 100,
    "pendingPercent": 0,
    "other": 0,
    "hasOther": false,
    "skipped": 0,
    "hasSkipped": false
  },
  "results": [
    {
      "uuid": "f2169ae0-eb5a-4680-8ceb-7916359fa36d",
      "title": "",
      "fullFile": "cypress\\e2e\\Login\\login.spec.cy.js",
      "file": "cypress\\e2e\\Login\\login.spec.cy.js",
      "beforeHooks": [],
      "afterHooks": [],
      "tests": [],
      "suites": [
        {
          "uuid": "fa29717f-74df-4215-aa98-baae6ed7626a",
          "title": "Login Parabank",
          "fullFile": "",
          "file": "",
          "beforeHooks": [],
          "afterHooks": [],
          "tests": [
            {
              "title": "Login with username and password",
              "fullTitle": "Login Parabank Login with username and password",
              "timedOut": null,
              "duration": 10594,
              "state": "passed",
              "speed": "slow",
              "pass": true,
              "fail": false,
              "pending": false,
              "context": null,
              "code": "homeObj.verifyHomePage().should(\"have.text\", \"Accounts Overview\");",
              "err": {},
              "uuid": "0a08ff3a-b740-4540-8f0b-6000726817a1",
              "parentUUID": "fa29717f-74df-4215-aa98-baae6ed7626a",
              "isHook": false,
              "skipped": false
            },
            {
              "title": "Verify the account ",
              "fullTitle": "Login Parabank Verify the account ",
              "timedOut": null,
              "duration": 6659,
              "state": "passed",
              "speed": "medium",
              "pass": true,
              "fail": false,
              "pending": false,
              "context": null,
              "code": "homeObj.verifyAccount().should(\"have.text\", \"16896\");",
              "err": {},
              "uuid": "97bf4ebe-20fd-4350-a338-362b1d529c1d",
              "parentUUID": "fa29717f-74df-4215-aa98-baae6ed7626a",
              "isHook": false,
              "skipped": false
            },
            {
              "title": "Verify billpayment page",
              "fullTitle": "Login Parabank Verify billpayment page",
              "timedOut": null,
              "duration": 7793,
              "state": "passed",
              "speed": "medium",
              "pass": true,
              "fail": false,
              "pending": false,
              "context": null,
              "code": "homeObj.clickBillpayLink();\nbillObj.verifyBillPaymentPageTitle().should(\"have.text\", \"Bill Payment Service\");",
              "err": {},
              "uuid": "96e063ab-2f87-4def-ba14-f186a291fd8a",
              "parentUUID": "fa29717f-74df-4215-aa98-baae6ed7626a",
              "isHook": false,
              "skipped": false
            }
          ],
          "suites": [],
          "passes": [
            "0a08ff3a-b740-4540-8f0b-6000726817a1",
            "97bf4ebe-20fd-4350-a338-362b1d529c1d",
            "96e063ab-2f87-4def-ba14-f186a291fd8a"
          ],
          "failures": [],
          "pending": [],
          "skipped": [],
          "duration": 25046,
          "root": false,
          "rootEmpty": false,
          "_timeout": 2000
        }
      ],
      "passes": [],
      "failures": [],
      "pending": [],
      "skipped": [],
      "duration": 0,
      "root": true,
      "rootEmpty": true,
      "_timeout": 2000
    }
  ],
  "meta": {
    "mocha": {
      "version": "7.0.1"
    },
    "mochawesome": {
      "options": {
        "quiet": false,
        "reportFilename": "mochawesome",
        "saveHtml": true,
        "saveJson": true,
        "consoleReporter": "spec",
        "useInlineDiffs": false,
        "code": true
      },
      "version": "7.1.3"
    },
    "marge": {
      "options": {
        "reportDir": "cypress/reports",
        "overwrite": "false",
        "html": true,
        "json": true
      },
      "version": "6.2.0"
    }
  }
}