{
  "stats": {
    "suites": 1,
    "tests": 3,
    "passes": 3,
    "pending": 0,
    "failures": 0,
    "start": "2023-09-09T16:45:32.880Z",
    "end": "2023-09-09T16:46:16.657Z",
    "duration": 43777,
    "testsRegistered": 3,
    "passPercent": 100,
    "pendingPercent": 0,
    "other": 0,
    "hasOther": false,
    "skipped": 0,
    "hasSkipped": false
  },
  "results": [
    {
      "uuid": "2a503be0-e2ae-4d70-b467-013f5da0fd64",
      "title": "",
      "fullFile": "cypress\\e2e\\Login\\login.spec.cy.js",
      "file": "cypress\\e2e\\Login\\login.spec.cy.js",
      "beforeHooks": [],
      "afterHooks": [],
      "tests": [],
      "suites": [
        {
          "uuid": "ff762ee8-7e03-41e6-905a-07eef4a6cba2",
          "title": "Login Parabank",
          "fullFile": "",
          "file": "",
          "beforeHooks": [],
          "afterHooks": [],
          "tests": [
            {
              "title": "Login with username and password",
              "fullTitle": "Login Parabank Login with username and password",
              "timedOut": null,
              "duration": 16492,
              "state": "passed",
              "speed": "slow",
              "pass": true,
              "fail": false,
              "pending": false,
              "context": null,
              "code": "homeObj.verifyHomePage().should(\"have.text\", \"Accounts Overview\");",
              "err": {},
              "uuid": "06d203fb-854d-42ce-bf8e-96358bdf22b3",
              "parentUUID": "ff762ee8-7e03-41e6-905a-07eef4a6cba2",
              "isHook": false,
              "skipped": false
            },
            {
              "title": "Verify the account ",
              "fullTitle": "Login Parabank Verify the account ",
              "timedOut": null,
              "duration": 12245,
              "state": "passed",
              "speed": "slow",
              "pass": true,
              "fail": false,
              "pending": false,
              "context": null,
              "code": "homeObj.verifyAccount().should(\"have.text\", \"16896\");",
              "err": {},
              "uuid": "3ec7ff72-45c1-4bea-bb86-1790b3515929",
              "parentUUID": "ff762ee8-7e03-41e6-905a-07eef4a6cba2",
              "isHook": false,
              "skipped": false
            },
            {
              "title": "Verify billpayment page",
              "fullTitle": "Login Parabank Verify billpayment page",
              "timedOut": null,
              "duration": 12984,
              "state": "passed",
              "speed": "slow",
              "pass": true,
              "fail": false,
              "pending": false,
              "context": null,
              "code": "homeObj.clickBillpayLink();\nbillObj.verifyBillPaymentPageTitle().should(\"have.text\", \"Bill Payment Service\");",
              "err": {},
              "uuid": "bf5a05d3-a140-4570-a2d1-19594ee1de6d",
              "parentUUID": "ff762ee8-7e03-41e6-905a-07eef4a6cba2",
              "isHook": false,
              "skipped": false
            }
          ],
          "suites": [],
          "passes": [
            "06d203fb-854d-42ce-bf8e-96358bdf22b3",
            "3ec7ff72-45c1-4bea-bb86-1790b3515929",
            "bf5a05d3-a140-4570-a2d1-19594ee1de6d"
          ],
          "failures": [],
          "pending": [],
          "skipped": [],
          "duration": 41721,
          "root": false,
          "rootEmpty": false,
          "_timeout": 2000
        }
      ],
      "passes": [],
      "failures": [],
      "pending": [],
      "skipped": [],
      "duration": 0,
      "root": true,
      "rootEmpty": true,
      "_timeout": 2000
    }
  ],
  "meta": {
    "mocha": {
      "version": "7.0.1"
    },
    "mochawesome": {
      "options": {
        "quiet": false,
        "reportFilename": "mochawesome",
        "saveHtml": true,
        "saveJson": true,
        "consoleReporter": "spec",
        "useInlineDiffs": false,
        "code": true
      },
      "version": "7.1.3"
    },
    "marge": {
      "options": {
        "reportDir": "cypress/reports",
        "overwrite": "false",
        "html": true,
        "json": true
      },
      "version": "6.2.0"
    }
  }
}