{
  "stats": {
    "suites": 1,
    "tests": 3,
    "passes": 3,
    "pending": 0,
    "failures": 0,
    "start": "2023-09-09T16:45:32.811Z",
    "end": "2023-09-09T16:46:03.586Z",
    "duration": 30775,
    "testsRegistered": 3,
    "passPercent": 100,
    "pendingPercent": 0,
    "other": 0,
    "hasOther": false,
    "skipped": 0,
    "hasSkipped": false
  },
  "results": [
    {
      "uuid": "ab8ef909-7762-43db-b91f-fdad05d0415f",
      "title": "",
      "fullFile": "cypress\\e2e\\Login\\login.spec.cy.js",
      "file": "cypress\\e2e\\Login\\login.spec.cy.js",
      "beforeHooks": [],
      "afterHooks": [],
      "tests": [],
      "suites": [
        {
          "uuid": "37a0ab2f-5995-4913-870c-baefbdbaa79c",
          "title": "Login Parabank",
          "fullFile": "",
          "file": "",
          "beforeHooks": [],
          "afterHooks": [],
          "tests": [
            {
              "title": "Login with username and password",
              "fullTitle": "Login Parabank Login with username and password",
              "timedOut": null,
              "duration": 12663,
              "state": "passed",
              "speed": "slow",
              "pass": true,
              "fail": false,
              "pending": false,
              "context": null,
              "code": "homeObj.verifyHomePage().should(\"have.text\", \"Accounts Overview\");",
              "err": {},
              "uuid": "b99d1a38-fe18-4f57-b62f-ca9516585144",
              "parentUUID": "37a0ab2f-5995-4913-870c-baefbdbaa79c",
              "isHook": false,
              "skipped": false
            },
            {
              "title": "Verify the account ",
              "fullTitle": "Login Parabank Verify the account ",
              "timedOut": null,
              "duration": 6282,
              "state": "passed",
              "speed": "medium",
              "pass": true,
              "fail": false,
              "pending": false,
              "context": null,
              "code": "homeObj.verifyAccount().should(\"have.text\", \"16896\");",
              "err": {},
              "uuid": "d77556b3-536f-4adc-b711-e0a3e7f2697c",
              "parentUUID": "37a0ab2f-5995-4913-870c-baefbdbaa79c",
              "isHook": false,
              "skipped": false
            },
            {
              "title": "Verify billpayment page",
              "fullTitle": "Login Parabank Verify billpayment page",
              "timedOut": null,
              "duration": 9799,
              "state": "passed",
              "speed": "medium",
              "pass": true,
              "fail": false,
              "pending": false,
              "context": null,
              "code": "homeObj.clickBillpayLink();\nbillObj.verifyBillPaymentPageTitle().should(\"have.text\", \"Bill Payment Service\");",
              "err": {},
              "uuid": "fef071da-4df2-42f8-867f-f54aa6938a23",
              "parentUUID": "37a0ab2f-5995-4913-870c-baefbdbaa79c",
              "isHook": false,
              "skipped": false
            }
          ],
          "suites": [],
          "passes": [
            "b99d1a38-fe18-4f57-b62f-ca9516585144",
            "d77556b3-536f-4adc-b711-e0a3e7f2697c",
            "fef071da-4df2-42f8-867f-f54aa6938a23"
          ],
          "failures": [],
          "pending": [],
          "skipped": [],
          "duration": 28744,
          "root": false,
          "rootEmpty": false,
          "_timeout": 2000
        }
      ],
      "passes": [],
      "failures": [],
      "pending": [],
      "skipped": [],
      "duration": 0,
      "root": true,
      "rootEmpty": true,
      "_timeout": 2000
    }
  ],
  "meta": {
    "mocha": {
      "version": "7.0.1"
    },
    "mochawesome": {
      "options": {
        "quiet": false,
        "reportFilename": "mochawesome",
        "saveHtml": true,
        "saveJson": true,
        "consoleReporter": "spec",
        "useInlineDiffs": false,
        "code": true
      },
      "version": "7.1.3"
    },
    "marge": {
      "options": {
        "reportDir": "cypress/reports",
        "overwrite": "false",
        "html": true,
        "json": true
      },
      "version": "6.2.0"
    }
  }
}