{
  "stats": {
    "suites": 1,
    "tests": 3,
    "passes": 3,
    "pending": 0,
    "failures": 0,
    "start": "2023-09-09T16:46:55.093Z",
    "end": "2023-09-09T16:46:56.640Z",
    "duration": 1547,
    "testsRegistered": 3,
    "passPercent": 100,
    "pendingPercent": 0,
    "other": 0,
    "hasOther": false,
    "skipped": 0,
    "hasSkipped": false
  },
  "results": [
    {
      "uuid": "46ac2449-d965-4a3e-9f0b-22f7b73b2645",
      "title": "",
      "fullFile": "cypress\\e2e\\Login\\petStore.spec.cy.js",
      "file": "cypress\\e2e\\Login\\petStore.spec.cy.js",
      "beforeHooks": [],
      "afterHooks": [],
      "tests": [],
      "suites": [
        {
          "uuid": "35d74ccc-0088-4217-9ae1-55eaf66ca76f",
          "title": "Petstore request",
          "fullFile": "",
          "file": "",
          "beforeHooks": [],
          "afterHooks": [],
          "tests": [
            {
              "title": "Print values form fixture",
              "fullTitle": "Petstore request Print values form fixture",
              "timedOut": null,
              "duration": 187,
              "state": "passed",
              "speed": "fast",
              "pass": true,
              "fail": false,
              "pending": false,
              "context": null,
              "code": "cy.log(this.user);\ncy.log(this.user.username);\ncy.log(this.user.password);",
              "err": {},
              "uuid": "4671383b-175d-443b-a05c-a1cf423b5395",
              "parentUUID": "35d74ccc-0088-4217-9ae1-55eaf66ca76f",
              "isHook": false,
              "skipped": false
            },
            {
              "title": "Create user with request and fixture",
              "fullTitle": "Petstore request Create user with request and fixture",
              "timedOut": null,
              "duration": 670,
              "state": "passed",
              "speed": "fast",
              "pass": true,
              "fail": false,
              "pending": false,
              "context": null,
              "code": "cy.fixture(\"createUserBody\").then(json => {\n  cy.request(\"POST\", `${BASE_URL}/user`, json).then(resp => {\n    expect(resp.status).to.eq(200);\n  });\n});",
              "err": {},
              "uuid": "23755ce4-4630-4f20-87e2-398de1ef6693",
              "parentUUID": "35d74ccc-0088-4217-9ae1-55eaf66ca76f",
              "isHook": false,
              "skipped": false
            },
            {
              "title": "Login with username and password ",
              "fullTitle": "Petstore request Login with username and password ",
              "timedOut": null,
              "duration": 262,
              "state": "passed",
              "speed": "fast",
              "pass": true,
              "fail": false,
              "pending": false,
              "context": null,
              "code": "const option = {\n  method: \"GET\",\n  url: `${BASE_URL}/user/login`,\n  qs: `login?username=${this.user.username}&password=${this.user.password}`\n};\ncy.request(option).as(\"resp\");\ncy.get(\"@resp\").should(response => {\n  expect(response.status).to.eq(200);\n  expect(response).to.have.property(\"headers\");\n});\ncy.log(\"@resp\");",
              "err": {},
              "uuid": "e088ebd5-5afb-4fce-b697-5c350579c583",
              "parentUUID": "35d74ccc-0088-4217-9ae1-55eaf66ca76f",
              "isHook": false,
              "skipped": false
            }
          ],
          "suites": [],
          "passes": [
            "4671383b-175d-443b-a05c-a1cf423b5395",
            "23755ce4-4630-4f20-87e2-398de1ef6693",
            "e088ebd5-5afb-4fce-b697-5c350579c583"
          ],
          "failures": [],
          "pending": [],
          "skipped": [],
          "duration": 1119,
          "root": false,
          "rootEmpty": false,
          "_timeout": 2000
        }
      ],
      "passes": [],
      "failures": [],
      "pending": [],
      "skipped": [],
      "duration": 0,
      "root": true,
      "rootEmpty": true,
      "_timeout": 2000
    }
  ],
  "meta": {
    "mocha": {
      "version": "7.0.1"
    },
    "mochawesome": {
      "options": {
        "quiet": false,
        "reportFilename": "mochawesome",
        "saveHtml": true,
        "saveJson": true,
        "consoleReporter": "spec",
        "useInlineDiffs": false,
        "code": true
      },
      "version": "7.1.3"
    },
    "marge": {
      "options": {
        "reportDir": "cypress/reports",
        "overwrite": "false",
        "html": true,
        "json": true
      },
      "version": "6.2.0"
    }
  }
}